This is pdfTeX, Version 3.14159265-2.6-1.40.21 (MiKTeX 20.6.29) (preloaded format=pdflatex 2020.9.19)  19 SEP 2020 19:45
entering extended mode
**./assignment-2.tex
(assignment-2.tex
LaTeX2e <2020-02-02> patch level 5
(/home/jesse/.miktex/texmfs/install/tex/latex/base/article.cls
Document Class: article 2019/12/20 v1.4l Standard LaTeX document class
(/home/jesse/.miktex/texmfs/install/tex/latex/base/size10.clo
File: size10.clo 2019/12/20 v1.4l Standard LaTeX file (size option)
)
\c@part=\count80
\c@section=\count81
\c@subsection=\count82
\c@subsubsection=\count83
\c@paragraph=\count84
\c@subparagraph=\count85
\c@figure=\count86
\c@table=\count87
\abovecaptionskip=\skip41
\belowcaptionskip=\skip42
\bibindent=\dimen102
)
(/home/jesse/.miktex/texmfs/install/tex/latex/graphics/graphicx.sty
Package: graphicx 2019/11/30 v1.2a Enhanced LaTeX Graphics (DPC,SPQR)

(/home/jesse/.miktex/texmfs/install/tex/latex/graphics/keyval.sty
Package: keyval 2014/10/28 v1.15 key=value parser (DPC)
\KV@toks@=\toks15
)
(/home/jesse/.miktex/texmfs/install/tex/latex/graphics/graphics.sty
Package: graphics 2019/11/30 v1.4a Standard LaTeX Graphics (DPC,SPQR)

(/home/jesse/.miktex/texmfs/install/tex/latex/graphics/trig.sty
Package: trig 2016/01/03 v1.10 sin cos tan (DPC)
)
(/home/jesse/.miktex/texmfs/install/tex/latex/graphics-cfg/graphics.cfg
File: graphics.cfg 2016/06/04 v1.11 sample graphics configuration
)
Package graphics Info: Driver file: pdftex.def on input line 105.

(/home/jesse/.miktex/texmfs/install/tex/latex/graphics-def/pdftex.def
File: pdftex.def 2020/08/26 v1.2 Graphics/color driver for pdftex
))
\Gin@req@height=\dimen103
\Gin@req@width=\dimen104
)
(latex_packages/FillAFour.sty

LaTeX Warning: You have requested package `latex_packages/FillAFour',
               but the package provides `FillAFour'.

Package: FillAFour 2004/04/06 Andrew Rock
) (latex_packages/HaskellVerb.sty

LaTeX Warning: You have requested package `latex_packages/HaskellVerb',
               but the package provides `HaskellVerb'.

Package: HaskellVerb 2020/09/18 Andrew Rock
(/home/jesse/.miktex/texmfs/install/tex/latex/fancyvrb/fancyvrb.sty
Package: fancyvrb 2020/05/03 v3.6 verbatim text (tvz,hv)
\FV@CodeLineNo=\count88
\FV@InFile=\read1
\FV@TabBox=\box27
\c@FancyVerbLine=\count89
\FV@StepNumber=\count90
\FV@OutFile=\write3
)
(/home/jesse/.miktex/texmfs/install/tex/latex/graphics/color.sty
Package: color 2019/11/23 v1.2a Standard LaTeX Color (DPC)

(/home/jesse/.miktex/texmfs/install/tex/latex/graphics-cfg/color.cfg
File: color.cfg 2016/01/02 v1.6 sample color configuration
)
Package color Info: Driver file: pdftex.def on input line 147.
))
(assignment-2.aux)
\openout1 = `assignment-2.aux'.

LaTeX Font Info:    Checking defaults for OML/cmm/m/it on input line 8.
LaTeX Font Info:    ... okay on input line 8.
LaTeX Font Info:    Checking defaults for OMS/cmsy/m/n on input line 8.
LaTeX Font Info:    ... okay on input line 8.
LaTeX Font Info:    Checking defaults for OT1/cmr/m/n on input line 8.
LaTeX Font Info:    ... okay on input line 8.
LaTeX Font Info:    Checking defaults for T1/cmr/m/n on input line 8.
LaTeX Font Info:    ... okay on input line 8.
LaTeX Font Info:    Checking defaults for TS1/cmr/m/n on input line 8.
LaTeX Font Info:    ... okay on input line 8.
LaTeX Font Info:    Checking defaults for OMX/cmex/m/n on input line 8.
LaTeX Font Info:    ... okay on input line 8.
LaTeX Font Info:    Checking defaults for U/cmr/m/n on input line 8.
LaTeX Font Info:    ... okay on input line 8.

(/home/jesse/.miktex/texmfs/install/tex/context/base/mkii/supp-pdf.mkii
[Loading MPS to PDF converter (version 2006.09.02).]
\scratchcounter=\count91
\scratchdimen=\dimen105
\scratchbox=\box28
\nofMPsegments=\count92
\nofMParguments=\count93
\everyMPshowfont=\toks16
\MPscratchCnt=\count94
\MPscratchDim=\dimen106
\MPnumerator=\count95
\makeMPintoPDFobject=\count96
\everyMPtoPDFconversion=\toks17
) (/home/jesse/.miktex/texmfs/install/tex/latex/epstopdf-pkg/epstopdf-base.sty
Package: epstopdf-base 2020-01-24 v2.11 Base part for package epstopdf
Package epstopdf-base Info: Redefining graphics rule for `.eps' on input line 4
85.
)
LaTeX Font Info:    External font `cmex10' loaded for size
(Font)              <12> on input line 15.
LaTeX Font Info:    External font `cmex10' loaded for size
(Font)              <8> on input line 15.
LaTeX Font Info:    External font `cmex10' loaded for size
(Font)              <6> on input line 15.


pdfTeX warning: pdflatex (file ./EBNF/whitespace.pdf): PDF inclusion: found PDF
 version <1.7>, but at most version <1.5> allowed
<EBNF/whitespace.pdf, id=1, 118.4425pt x 99.37125pt>
File: EBNF/whitespace.pdf Graphic file (type pdf)
<use EBNF/whitespace.pdf>
Package pdftex.def Info: EBNF/whitespace.pdf  used on input line 45.
(pdftex.def)             Requested size: 106.59724pt x 89.43329pt.


pdfTeX warning: pdflatex (file ./EBNF/digit.pdf): PDF inclusion: found PDF vers
ion <1.7>, but at most version <1.5> allowed
<EBNF/digit.pdf, id=2, 54.2025pt x 220.825pt>
File: EBNF/digit.pdf Graphic file (type pdf)
<use EBNF/digit.pdf>
Package pdftex.def Info: EBNF/digit.pdf  used on input line 55.
(pdftex.def)             Requested size: 48.78178pt x 198.74065pt.
[1

{/home/jesse/.miktex/texmfs/data/pdftex/config/pdftex.map} <./EBNF/whitespace.p
df>]

pdfTeX warning: pdflatex (file ./EBNF/number.pdf): PDF inclusion: found PDF ver
sion <1.7>, but at most version <1.5> allowed
<EBNF/number.pdf, id=23, 586.19pt x 65.24374pt>
File: EBNF/number.pdf Graphic file (type pdf)
<use EBNF/number.pdf>
Package pdftex.def Info: EBNF/number.pdf  used on input line 65.
(pdftex.def)             Requested size: 468.95264pt x 52.19505pt.

Overfull \hbox (10.8631pt too wide) in paragraph at lines 65--66
 [][] 
 []



pdfTeX warning: pdflatex (file ./EBNF/string.pdf): PDF inclusion: found PDF ver
sion <1.7>, but at most version <1.5> allowed
<EBNF/string.pdf, id=24, 538.01pt x 44.165pt>
File: EBNF/string.pdf Graphic file (type pdf)
<use EBNF/string.pdf>
Package pdftex.def Info: EBNF/string.pdf  used on input line 75.
(pdftex.def)             Requested size: 430.40858pt x 35.33203pt.


pdfTeX warning: pdflatex (file ./EBNF/value.pdf): PDF inclusion: found PDF vers
ion <1.7>, but at most version <1.5> allowed
<EBNF/value.pdf, id=25, 84.315pt x 136.51pt>
File: EBNF/value.pdf Graphic file (type pdf)
<use EBNF/value.pdf>
Package pdftex.def Info: EBNF/value.pdf  used on input line 89.
(pdftex.def)             Requested size: 75.88277pt x 122.85785pt.
[2 <./EBNF/digit.pdf> <./EBNF/number.pdf> <./EBNF/string.pdf>]

pdfTeX warning: pdflatex (file ./EBNF/array.pdf): PDF inclusion: found PDF vers
ion <1.7>, but at most version <1.5> allowed
<EBNF/array.pdf, id=47, 238.8925pt x 67.25125pt>
File: EBNF/array.pdf Graphic file (type pdf)
<use EBNF/array.pdf>
Package pdftex.def Info: EBNF/array.pdf  used on input line 99.
(pdftex.def)             Requested size: 215.00125pt x 60.52554pt.


pdfTeX warning: pdflatex (file ./EBNF/object.pdf): PDF inclusion: found PDF ver
sion <1.7>, but at most version <1.5> allowed
<EBNF/object.pdf, id=48, 395.4775pt x 67.25125pt>
File: EBNF/object.pdf Graphic file (type pdf)
<use EBNF/object.pdf>
Package pdftex.def Info: EBNF/object.pdf  used on input line 108.
(pdftex.def)             Requested size: 355.92645pt x 60.52554pt.
[3 <./EBNF/value.pdf> <./EBNF/array.pdf> <./EBNF/object.pdf>]
(/home/jesse/.miktex/texmfs/install/tex/latex/tools/.tex File ignored) [4]
(assignment-2.aux) ) 
Here is how much of TeX's memory you used:
 1530 strings out of 493240
 21733 string characters out of 3157141
 88691 words of memory out of 3000000
 6807 multiletter control sequences out of 15000+200000
 8362 words of font info for 30 fonts, out of 3000000 for 9000
 0 hyphenation exceptions out of 8191
 30i,6n,23p,191b,189s stack positions out of 5000i,500n,10000p,200000b,50000s
 </home/jesse/.miktex/texmfs/data/fonts/pk/ljfour/public/cm
/dpi600/cmtt10.pk> </home/jesse/.miktex/texmfs/data/fonts/pk/ljfour/public/cm/d
pi600/cmbx12.pk> </home/jesse/.miktex/texmfs/data/fonts/pk/ljfour/public/cm/dpi
600/cmr10.pk> </home/jesse/.miktex/texmfs/data/fonts/pk/ljfour/public/cm/dpi720
/cmbx12.pk> </home/jesse/.miktex/texmfs/data/fonts/pk/ljfour/public/cm/dpi600/c
mr9.pk> </home/jesse/.miktex/texmfs/data/fonts/pk/ljfour/public/cm/dpi600/cmbx9
.pk> </home/jesse/.miktex/texmfs/data/fonts/pk/ljfour/public/cm/dpi600/cmr12.pk
> </home/jesse/.miktex/texmfs/data/fonts/pk/ljfour/public/cm/dpi600/cmr17.pk>
Output written on assignment-2.pdf (4 pages, 130984 bytes).
PDF statistics:
 367 PDF objects out of 1000 (max. 8388607)
 0 named destinations out of 1000 (max. 500000)
 36 words of extra memory for PDF output out of 10000 (max. 10000000)

